#
#
#
#
# ! WARNING !
# This package (block2) is already deprecated
# Prohibit use
#
#
#
#
#
#


ParallelBlockCrops : Crops, ParallelPocketmineBlock
 Pumpkin Melon Wheat Potato Carrot BeetRoot
 These blocks follow Java Edition Server

ParallelBlockSolid : Solid
 1,2,3,4,5,7,12,13,14,15,16,17,18,19,20,21,22,23,24,25,26,35,41,42,43,44,45,46,47,48,49,52,53,54,56,57,58,60,61,62,67,73,74,79,80,81,82,85,86,87,88,89,90,91,92,95,96,98,99,100,103,107,108,109,110,112,113,114,116,117,118,120,121,123,124,125,127,128,129,131,132,133,134,135,136,146,152,153,155,156,157,158,159,161,162,163,164,165,167,170,171,172,173,174,179,180,181,182,183,184,185,186,187,198,199,243,245,246,247

ParallelBlockFlowable : Flowable
 6,27,28,30,31,32,37,38,39,40,50,51,55,59,66,69,70,72,75,76,77,78,83,93,94,104,105,111,115,126,140,141,142,143,146,147,148,151,152,171,175,178,244

